# JRE version: Java(TM) SE Runtime Environment (8.0_131-b11) (build 1.8.0_131-b11)
# Java VM: Java HotSpot(TM) 64-Bit Server VM (25.131-b11 mixed mode linux-amd64 compressed oops)
Heap:
 PSYoungGen      total 143360K, used 5116K [0x00000000eab00000, 0x00000000f3c00000, 0x0000000100000000)
  eden space 138240K, 0% used [0x00000000eab00000,0x00000000eab00000,0x00000000f3200000)
  from space 5120K, 99% used [0x00000000f3200000,0x00000000f36ff3e8,0x00000000f3700000)
  to   space 5120K, 0% used [0x00000000f3700000,0x00000000f3700000,0x00000000f3c00000)
 ParOldGen       total 30208K, used 25522K [0x00000000c0000000, 0x00000000c1d80000, 0x00000000eab00000)
  object space 30208K, 84% used [0x00000000c0000000,0x00000000c18ec920,0x00000000c1d80000)
 Metaspace       used 5050K, capacity 5502K, committed 5760K, reserved 1056768K
  class space    used 531K, capacity 561K, committed 640K, reserved 1048576K
GC Heap History (10 events):
Event: 1.072 GC heap after
Heap after GC invocations=5 (full 0):
 PSYoungGen      total 35840K, used 1021K [0x00000000eab00000, 0x00000000ef800000, 0x0000000100000000)
  eden space 34816K, 0% used [0x00000000eab00000,0x00000000eab00000,0x00000000ecd00000)
  from space 1024K, 99% used [0x00000000ecd00000,0x00000000ecdff540,0x00000000ece00000)
  to   space 4608K, 0% used [0x00000000ef380000,0x00000000ef380000,0x00000000ef800000)
 ParOldGen       total 22016K, used 9288K [0x00000000c0000000, 0x00000000c1580000, 0x00000000eab00000)
  object space 22016K, 42% used [0x00000000c0000000,0x00000000c0912318,0x00000000c1580000)
 Metaspace       used 5009K, capacity 5502K, committed 5760K, reserved 1056768K
  class space    used 531K, capacity 561K, committed 640K, reserved 1048576K
}
Event: 1.243 GC heap before
{Heap before GC invocations=6 (full 0):
 PSYoungGen      total 35840K, used 34669K [0x00000000eab00000, 0x00000000ef800000, 0x0000000100000000)
  eden space 34816K, 96% used [0x00000000eab00000,0x00000000ecbdc108,0x00000000ecd00000)
  from space 1024K, 99% used [0x00000000ecd00000,0x00000000ecdff540,0x00000000ece00000)
  to   space 4608K, 0% used [0x00000000ef380000,0x00000000ef380000,0x00000000ef800000)
 ParOldGen       total 22016K, used 9288K [0x00000000c0000000, 0x00000000c1580000, 0x00000000eab00000)
  object space 22016K, 42% used [0x00000000c0000000,0x00000000c0912318,0x00000000c1580000)
 Metaspace       used 5022K, capacity 5502K, committed 5760K, reserved 1056768K
  class space    used 531K, capacity 561K, committed 640K, reserved 1048576K
Event: 1.263 GC heap after
Heap after GC invocations=6 (full 0):
 PSYoungGen      total 73728K, used 3675K [0x00000000eab00000, 0x00000000ef900000, 0x0000000100000000)
  eden space 69120K, 0% used [0x00000000eab00000,0x00000000eab00000,0x00000000eee80000)
  from space 4608K, 79% used [0x00000000ef380000,0x00000000ef716d68,0x00000000ef800000)
  to   space 5120K, 0% used [0x00000000eee80000,0x00000000eee80000,0x00000000ef380000)
 ParOldGen       total 22016K, used 9288K [0x00000000c0000000, 0x00000000c1580000, 0x00000000eab00000)
  object space 22016K, 42% used [0x00000000c0000000,0x00000000c0912318,0x00000000c1580000)
 Metaspace       used 5022K, capacity 5502K, committed 5760K, reserved 1056768K
  class space    used 531K, capacity 561K, committed 640K, reserved 1048576K
}
Event: 1.703 GC heap before
{Heap before GC invocations=7 (full 0):
 PSYoungGen      total 73728K, used 72795K [0x00000000eab00000, 0x00000000ef900000, 0x0000000100000000)
  eden space 69120K, 100% used [0x00000000eab00000,0x00000000eee80000,0x00000000eee80000)
  from space 4608K, 79% used [0x00000000ef380000,0x00000000ef716d68,0x00000000ef800000)
  to   space 5120K, 0% used [0x00000000eee80000,0x00000000eee80000,0x00000000ef380000)
 ParOldGen       total 22016K, used 9288K [0x00000000c0000000, 0x00000000c1580000, 0x00000000eab00000)
  object space 22016K, 42% used [0x00000000c0000000,0x00000000c0912318,0x00000000c1580000)
 Metaspace       used 5038K, capacity 5502K, committed 5760K, reserved 1056768K
  class space    used 531K, capacity 561K, committed 640K, reserved 1048576K
Event: 1.925 GC heap after
Heap after GC invocations=7 (full 0):
 PSYoungGen      total 74240K, used 3385K [0x00000000eab00000, 0x00000000f3c00000, 0x0000000100000000)
  eden space 69120K, 0% used [0x00000000eab00000,0x00000000eab00000,0x00000000eee80000)
  from space 5120K, 66% used [0x00000000eee80000,0x00000000ef1ce400,0x00000000ef380000)
  to   space 5120K, 0% used [0x00000000f3700000,0x00000000f3700000,0x00000000f3c00000)
 ParOldGen       total 22016K, used 11451K [0x00000000c0000000, 0x00000000c1580000, 0x00000000eab00000)
  object space 22016K, 52% used [0x00000000c0000000,0x00000000c0b2eec8,0x00000000c1580000)
 Metaspace       used 5038K, capacity 5502K, committed 5760K, reserved 1056768K
  class space    used 531K, capacity 561K, committed 640K, reserved 1048576K
}
Event: 2.126 GC heap before
{Heap before GC invocations=8 (full 0):
 PSYoungGen      total 74240K, used 72420K [0x00000000eab00000, 0x00000000f3c00000, 0x0000000100000000)
  eden space 69120K, 99% used [0x00000000eab00000,0x00000000eee6ade8,0x00000000eee80000)
  from space 5120K, 66% used [0x00000000eee80000,0x00000000ef1ce400,0x00000000ef380000)
  to   space 5120K, 0% used [0x00000000f3700000,0x00000000f3700000,0x00000000f3c00000)
 ParOldGen       total 22016K, used 11451K [0x00000000c0000000, 0x00000000c1580000, 0x00000000eab00000)
  object space 22016K, 52% used [0x00000000c0000000,0x00000000c0b2eec8,0x00000000c1580000)
 Metaspace       used 5042K, capacity 5502K, committed 5760K, reserved 1056768K
  class space    used 531K, capacity 561K, committed 640K, reserved 1048576K
Event: 2.333 GC heap after
Heap after GC invocations=8 (full 0):
 PSYoungGen      total 143360K, used 3832K [0x00000000eab00000, 0x00000000f3c00000, 0x0000000100000000)
  eden space 138240K, 0% used [0x00000000eab00000,0x00000000eab00000,0x00000000f3200000)
  from space 5120K, 74% used [0x00000000f3700000,0x00000000f3abe1e0,0x00000000f3c00000)
  to   space 5120K, 0% used [0x00000000f3200000,0x00000000f3200000,0x00000000f3700000)
 ParOldGen       total 22016K, used 19601K [0x00000000c0000000, 0x00000000c1580000, 0x00000000eab00000)
  object space 22016K, 89% used [0x00000000c0000000,0x00000000c13247f8,0x00000000c1580000)
 Metaspace       used 5042K, capacity 5502K, committed 5760K, reserved 1056768K
  class space    used 531K, capacity 561K, committed 640K, reserved 1048576K
}
Event: 2.333 GC heap before
{Heap before GC invocations=9 (full 1):
 PSYoungGen      total 143360K, used 3832K [0x00000000eab00000, 0x00000000f3c00000, 0x0000000100000000)
  eden space 138240K, 0% used [0x00000000eab00000,0x00000000eab00000,0x00000000f3200000)
  from space 5120K, 74% used [0x00000000f3700000,0x00000000f3abe1e0,0x00000000f3c00000)
  to   space 5120K, 0% used [0x00000000f3200000,0x00000000f3200000,0x00000000f3700000)
 ParOldGen       total 22016K, used 19601K [0x00000000c0000000, 0x00000000c1580000, 0x00000000eab00000)
  object space 22016K, 89% used [0x00000000c0000000,0x00000000c13247f8,0x00000000c1580000)
 Metaspace       used 5042K, capacity 5502K, committed 5760K, reserved 1056768K
  class space    used 531K, capacity 561K, committed 640K, reserved 1048576K
Event: 2.386 GC heap after
Heap after GC invocations=9 (full 1):
 PSYoungGen      total 143360K, used 0K [0x00000000eab00000, 0x00000000f3c00000, 0x0000000100000000)
  eden space 138240K, 0% used [0x00000000eab00000,0x00000000eab00000,0x00000000f3200000)
  from space 5120K, 0% used [0x00000000f3700000,0x00000000f3700000,0x00000000f3c00000)
  to   space 5120K, 0% used [0x00000000f3200000,0x00000000f3200000,0x00000000f3700000)
 ParOldGen       total 30208K, used 14657K [0x00000000c0000000, 0x00000000c1d80000, 0x00000000eab00000)
  object space 30208K, 48% used [0x00000000c0000000,0x00000000c0e50518,0x00000000c1d80000)
 Metaspace       used 5042K, capacity 5502K, committed 5760K, reserved 1056768K
  class space    used 531K, capacity 561K, committed 640K, reserved 1048576K
}
Event: 4.197 GC heap before
{Heap before GC invocations=10 (full 1):
 PSYoungGen      total 143360K, used 138240K [0x00000000eab00000, 0x00000000f3c00000, 0x0000000100000000)
  eden space 138240K, 100% used [0x00000000eab00000,0x00000000f3200000,0x00000000f3200000)
  from space 5120K, 0% used [0x00000000f3700000,0x00000000f3700000,0x00000000f3c00000)
  to   space 5120K, 0% used [0x00000000f3200000,0x00000000f3200000,0x00000000f3700000)
 ParOldGen       total 30208K, used 14657K [0x00000000c0000000, 0x00000000c1d80000, 0x00000000eab00000)
  object space 30208K, 48% used [0x00000000c0000000,0x00000000c0e50518,0x00000000c1d80000)
 Metaspace       used 5050K, capacity 5502K, committed 5760K, reserved 1056768K
  class space    used 531K, capacity 561K, committed 640K, reserved 1048576K

