# JRE version: Java(TM) SE Runtime Environment (8.0_131-b11) (build 1.8.0_131-b11)
# Java VM: Java HotSpot(TM) 64-Bit Server VM (25.131-b11 mixed mode linux-amd64 compressed oops)
Heap:
 PSYoungGen      total 119808K, used 14584K [0x00000000eab00000, 0x00000000f3180000, 0x0000000100000000)
  eden space 101888K, 0% used [0x00000000eab00000,0x00000000eab00000,0x00000000f0e80000)
  from space 17920K, 81% used [0x00000000f0e80000,0x00000000f1cbe188,0x00000000f2000000)
  to   space 13824K, 0% used [0x00000000f2400000,0x00000000f2400000,0x00000000f3180000)
 ParOldGen       total 75264K, used 59661K [0x00000000c0000000, 0x00000000c4980000, 0x00000000eab00000)
  object space 75264K, 79% used [0x00000000c0000000,0x00000000c3a435b0,0x00000000c4980000)
 Metaspace       used 6512K, capacity 7256K, committed 7424K, reserved 1056768K
  class space    used 629K, capacity 656K, committed 768K, reserved 1048576K
GC Heap History (10 events):
Event: 3.424 GC heap after
Heap after GC invocations=10 (full 1):
 PSYoungGen      total 75776K, used 9718K [0x00000000eab00000, 0x00000000f1480000, 0x0000000100000000)
  eden space 66048K, 0% used [0x00000000eab00000,0x00000000eab00000,0x00000000eeb80000)
  from space 9728K, 99% used [0x00000000eeb80000,0x00000000ef4fd9d0,0x00000000ef500000)
  to   space 12288K, 0% used [0x00000000f0880000,0x00000000f0880000,0x00000000f1480000)
 ParOldGen       total 40448K, used 24038K [0x00000000c0000000, 0x00000000c2780000, 0x00000000eab00000)
  object space 40448K, 59% used [0x00000000c0000000,0x00000000c17798b8,0x00000000c2780000)
 Metaspace       used 6206K, capacity 7064K, committed 7424K, reserved 1056768K
  class space    used 629K, capacity 656K, committed 768K, reserved 1048576K
}
Event: 3.987 GC heap before
{Heap before GC invocations=11 (full 1):
 PSYoungGen      total 75776K, used 75766K [0x00000000eab00000, 0x00000000f1480000, 0x0000000100000000)
  eden space 66048K, 100% used [0x00000000eab00000,0x00000000eeb80000,0x00000000eeb80000)
  from space 9728K, 99% used [0x00000000eeb80000,0x00000000ef4fd9d0,0x00000000ef500000)
  to   space 12288K, 0% used [0x00000000f0880000,0x00000000f0880000,0x00000000f1480000)
 ParOldGen       total 40448K, used 24038K [0x00000000c0000000, 0x00000000c2780000, 0x00000000eab00000)
  object space 40448K, 59% used [0x00000000c0000000,0x00000000c17798b8,0x00000000c2780000)
 Metaspace       used 6285K, capacity 7128K, committed 7424K, reserved 1056768K
  class space    used 629K, capacity 656K, committed 768K, reserved 1048576K
Event: 4.171 GC heap after
Heap after GC invocations=11 (full 1):
 PSYoungGen      total 91136K, used 12261K [0x00000000eab00000, 0x00000000f2200000, 0x0000000100000000)
  eden space 78848K, 0% used [0x00000000eab00000,0x00000000eab00000,0x00000000ef800000)
  from space 12288K, 99% used [0x00000000f0880000,0x00000000f1479650,0x00000000f1480000)
  to   space 16896K, 0% used [0x00000000ef800000,0x00000000ef800000,0x00000000f0880000)
 ParOldGen       total 40448K, used 31381K [0x00000000c0000000, 0x00000000c2780000, 0x00000000eab00000)
  object space 40448K, 77% used [0x00000000c0000000,0x00000000c1ea5718,0x00000000c2780000)
 Metaspace       used 6285K, capacity 7128K, committed 7424K, reserved 1056768K
  class space    used 629K, capacity 656K, committed 768K, reserved 1048576K
}
Event: 4.839 GC heap before
{Heap before GC invocations=12 (full 1):
 PSYoungGen      total 91136K, used 91109K [0x00000000eab00000, 0x00000000f2200000, 0x0000000100000000)
  eden space 78848K, 100% used [0x00000000eab00000,0x00000000ef800000,0x00000000ef800000)
  from space 12288K, 99% used [0x00000000f0880000,0x00000000f1479650,0x00000000f1480000)
  to   space 16896K, 0% used [0x00000000ef800000,0x00000000ef800000,0x00000000f0880000)
 ParOldGen       total 40448K, used 31381K [0x00000000c0000000, 0x00000000c2780000, 0x00000000eab00000)
  object space 40448K, 77% used [0x00000000c0000000,0x00000000c1ea5718,0x00000000c2780000)
 Metaspace       used 6318K, capacity 7128K, committed 7424K, reserved 1056768K
  class space    used 629K, capacity 656K, committed 768K, reserved 1048576K
Event: 4.981 GC heap after
Heap after GC invocations=12 (full 1):
 PSYoungGen      total 95744K, used 11303K [0x00000000eab00000, 0x00000000f3500000, 0x0000000100000000)
  eden space 78848K, 0% used [0x00000000eab00000,0x00000000eab00000,0x00000000ef800000)
  from space 16896K, 66% used [0x00000000ef800000,0x00000000f0309d40,0x00000000f0880000)
  to   space 17408K, 0% used [0x00000000f2400000,0x00000000f2400000,0x00000000f3500000)
 ParOldGen       total 44032K, used 43551K [0x00000000c0000000, 0x00000000c2b00000, 0x00000000eab00000)
  object space 44032K, 98% used [0x00000000c0000000,0x00000000c2a87e68,0x00000000c2b00000)
 Metaspace       used 6318K, capacity 7128K, committed 7424K, reserved 1056768K
  class space    used 629K, capacity 656K, committed 768K, reserved 1048576K
}
Event: 4.981 GC heap before
{Heap before GC invocations=13 (full 2):
 PSYoungGen      total 95744K, used 11303K [0x00000000eab00000, 0x00000000f3500000, 0x0000000100000000)
  eden space 78848K, 0% used [0x00000000eab00000,0x00000000eab00000,0x00000000ef800000)
  from space 16896K, 66% used [0x00000000ef800000,0x00000000f0309d40,0x00000000f0880000)
  to   space 17408K, 0% used [0x00000000f2400000,0x00000000f2400000,0x00000000f3500000)
 ParOldGen       total 44032K, used 43551K [0x00000000c0000000, 0x00000000c2b00000, 0x00000000eab00000)
  object space 44032K, 98% used [0x00000000c0000000,0x00000000c2a87e68,0x00000000c2b00000)
 Metaspace       used 6318K, capacity 7128K, committed 7424K, reserved 1056768K
  class space    used 629K, capacity 656K, committed 768K, reserved 1048576K
Event: 5.602 GC heap after
Heap after GC invocations=13 (full 2):
 PSYoungGen      total 95744K, used 6073K [0x00000000eab00000, 0x00000000f3500000, 0x0000000100000000)
  eden space 78848K, 0% used [0x00000000eab00000,0x00000000eab00000,0x00000000ef800000)
  from space 16896K, 35% used [0x00000000ef800000,0x00000000efdee4d8,0x00000000f0880000)
  to   space 17408K, 0% used [0x00000000f2400000,0x00000000f2400000,0x00000000f3500000)
 ParOldGen       total 75264K, used 43923K [0x00000000c0000000, 0x00000000c4980000, 0x00000000eab00000)
  object space 75264K, 58% used [0x00000000c0000000,0x00000000c2ae4d40,0x00000000c4980000)
 Metaspace       used 6318K, capacity 7128K, committed 7424K, reserved 1056768K
  class space    used 629K, capacity 656K, committed 768K, reserved 1048576K
}
Event: 5.896 GC heap before
{Heap before GC invocations=14 (full 2):
 PSYoungGen      total 95744K, used 84921K [0x00000000eab00000, 0x00000000f3500000, 0x0000000100000000)
  eden space 78848K, 100% used [0x00000000eab00000,0x00000000ef800000,0x00000000ef800000)
  from space 16896K, 35% used [0x00000000ef800000,0x00000000efdee4d8,0x00000000f0880000)
  to   space 17408K, 0% used [0x00000000f2400000,0x00000000f2400000,0x00000000f3500000)
 ParOldGen       total 75264K, used 43923K [0x00000000c0000000, 0x00000000c4980000, 0x00000000eab00000)
  object space 75264K, 58% used [0x00000000c0000000,0x00000000c2ae4d40,0x00000000c4980000)
 Metaspace       used 6420K, capacity 7192K, committed 7424K, reserved 1056768K
  class space    used 629K, capacity 656K, committed 768K, reserved 1048576K
Event: 6.116 GC heap after
Heap after GC invocations=14 (full 2):
 PSYoungGen      total 115712K, used 10826K [0x00000000eab00000, 0x00000000f3180000, 0x0000000100000000)
  eden space 101888K, 0% used [0x00000000eab00000,0x00000000eab00000,0x00000000f0e80000)
  from space 13824K, 78% used [0x00000000f2400000,0x00000000f2e92908,0x00000000f3180000)
  to   space 17920K, 0% used [0x00000000f0e80000,0x00000000f0e80000,0x00000000f2000000)
 ParOldGen       total 75264K, used 49575K [0x00000000c0000000, 0x00000000c4980000, 0x00000000eab00000)
  object space 75264K, 65% used [0x00000000c0000000,0x00000000c3069c88,0x00000000c4980000)
 Metaspace       used 6420K, capacity 7192K, committed 7424K, reserved 1056768K
  class space    used 629K, capacity 656K, committed 768K, reserved 1048576K
}
Event: 6.799 GC heap before
{Heap before GC invocations=15 (full 2):
 PSYoungGen      total 115712K, used 112714K [0x00000000eab00000, 0x00000000f3180000, 0x0000000100000000)
  eden space 101888K, 100% used [0x00000000eab00000,0x00000000f0e80000,0x00000000f0e80000)
  from space 13824K, 78% used [0x00000000f2400000,0x00000000f2e92908,0x00000000f3180000)
  to   space 17920K, 0% used [0x00000000f0e80000,0x00000000f0e80000,0x00000000f2000000)
 ParOldGen       total 75264K, used 49575K [0x00000000c0000000, 0x00000000c4980000, 0x00000000eab00000)
  object space 75264K, 65% used [0x00000000c0000000,0x00000000c3069c88,0x00000000c4980000)
 Metaspace       used 6512K, capacity 7256K, committed 7424K, reserved 1056768K
  class space    used 629K, capacity 656K, committed 768K, reserved 1048576K

